<?xml version="1.0" encoding="UTF-8"?>
<coverage generated="1764472003278" clover="3.2.0">
  <project timestamp="1764472003278" name="All files">
    <metrics statements="22" coveredstatements="22" conditionals="16" coveredconditionals="13" methods="3" coveredmethods="3" elements="41" coveredelements="38" complexity="0" loc="22" ncloc="22" packages="1" files="1" classes="1"/>
    <file name="fraudDetection.js" path="/home/femi/public/card-validation-api/backend/src/api/services/fraudDetection.js">
      <metrics statements="22" coveredstatements="22" conditionals="16" coveredconditionals="13" methods="3" coveredmethods="3"/>
      <line num="1" count="1" type="stmt"/>
      <line num="2" count="3" type="stmt"/>
      <line num="5" count="3" type="cond" truecount="2" falsecount="0"/>
      <line num="6" count="2" type="cond" truecount="1" falsecount="1"/>
      <line num="7" count="2" type="cond" truecount="1" falsecount="1"/>
      <line num="10" count="3" type="stmt"/>
      <line num="11" count="3" type="stmt"/>
      <line num="12" count="3" type="cond" truecount="2" falsecount="0"/>
      <line num="15" count="3" type="stmt"/>
      <line num="16" count="3" type="cond" truecount="2" falsecount="0"/>
      <line num="17" count="1" type="stmt"/>
      <line num="21" count="3" type="stmt"/>
      <line num="22" count="3" type="stmt"/>
      <line num="23" count="3" type="cond" truecount="1" falsecount="1"/>
      <line num="25" count="3" type="stmt"/>
      <line num="28" count="1" type="stmt"/>
      <line num="29" count="3" type="cond" truecount="2" falsecount="0"/>
      <line num="30" count="2" type="cond" truecount="2" falsecount="0"/>
      <line num="31" count="1" type="stmt"/>
      <line num="34" count="1" type="stmt"/>
      <line num="35" count="4" type="stmt"/>
      <line num="38" count="1" type="stmt"/>
    </file>
  </project>
</coverage>
