{"/home/femi/public/card-validation-api/backend/src/api/services/fraudDetection.js": {"path":"/home/femi/public/card-validation-api/backend/src/api/services/fraudDetection.js","statementMap":{"0":{"start":{"line":1,"column":27},"end":{"line":26,"column":1}},"1":{"start":{"line":2,"column":18},"end":{"line":2,"column":19}},"2":{"start":{"line":5,"column":2},"end":{"line":7,"column":56}},"3":{"start":{"line":5,"column":37},"end":{"line":5,"column":53}},"4":{"start":{"line":6,"column":7},"end":{"line":7,"column":56}},"5":{"start":{"line":6,"column":41},"end":{"line":6,"column":57}},"6":{"start":{"line":7,"column":7},"end":{"line":7,"column":56}},"7":{"start":{"line":7,"column":41},"end":{"line":7,"column":56}},"8":{"start":{"line":10,"column":28},"end":{"line":10,"column":83}},"9":{"start":{"line":11,"column":22},"end":{"line":11,"column":58}},"10":{"start":{"line":12,"column":2},"end":{"line":12,"column":63}},"11":{"start":{"line":12,"column":47},"end":{"line":12,"column":63}},"12":{"start":{"line":15,"column":20},"end":{"line":15,"column":60}},"13":{"start":{"line":16,"column":2},"end":{"line":18,"column":3}},"14":{"start":{"line":17,"column":4},"end":{"line":17,"column":18}},"15":{"start":{"line":21,"column":28},"end":{"line":21,"column":46}},"16":{"start":{"line":22,"column":27},"end":{"line":22,"column":71}},"17":{"start":{"line":23,"column":2},"end":{"line":23,"column":68}},"18":{"start":{"line":23,"column":52},"end":{"line":23,"column":68}},"19":{"start":{"line":25,"column":2},"end":{"line":25,"column":34}},"20":{"start":{"line":28,"column":21},"end":{"line":32,"column":1}},"21":{"start":{"line":29,"column":2},"end":{"line":29,"column":35}},"22":{"start":{"line":29,"column":22},"end":{"line":29,"column":35}},"23":{"start":{"line":30,"column":2},"end":{"line":30,"column":38}},"24":{"start":{"line":30,"column":22},"end":{"line":30,"column":38}},"25":{"start":{"line":31,"column":2},"end":{"line":31,"column":16}},"26":{"start":{"line":34,"column":33},"end":{"line":36,"column":1}},"27":{"start":{"line":35,"column":2},"end":{"line":35,"column":25}},"28":{"start":{"line":38,"column":0},"end":{"line":42,"column":2}}},"fnMap":{"0":{"name":"(anonymous_0)","decl":{"start":{"line":1,"column":27},"end":{"line":1,"column":28}},"loc":{"start":{"line":1,"column":48},"end":{"line":26,"column":1}},"line":1},"1":{"name":"(anonymous_1)","decl":{"start":{"line":28,"column":21},"end":{"line":28,"column":22}},"loc":{"start":{"line":28,"column":36},"end":{"line":32,"column":1}},"line":28},"2":{"name":"(anonymous_2)","decl":{"start":{"line":34,"column":33},"end":{"line":34,"column":34}},"loc":{"start":{"line":34,"column":48},"end":{"line":36,"column":1}},"line":34}},"branchMap":{"0":{"loc":{"start":{"line":5,"column":2},"end":{"line":7,"column":56}},"type":"if","locations":[{"start":{"line":5,"column":2},"end":{"line":7,"column":56}},{"start":{"line":6,"column":7},"end":{"line":7,"column":56}}],"line":5},"1":{"loc":{"start":{"line":6,"column":7},"end":{"line":7,"column":56}},"type":"if","locations":[{"start":{"line":6,"column":7},"end":{"line":7,"column":56}},{"start":{"line":7,"column":7},"end":{"line":7,"column":56}}],"line":6},"2":{"loc":{"start":{"line":7,"column":7},"end":{"line":7,"column":56}},"type":"if","locations":[{"start":{"line":7,"column":7},"end":{"line":7,"column":56}},{"start":{},"end":{}}],"line":7},"3":{"loc":{"start":{"line":12,"column":2},"end":{"line":12,"column":63}},"type":"if","locations":[{"start":{"line":12,"column":2},"end":{"line":12,"column":63}},{"start":{},"end":{}}],"line":12},"4":{"loc":{"start":{"line":16,"column":2},"end":{"line":18,"column":3}},"type":"if","locations":[{"start":{"line":16,"column":2},"end":{"line":18,"column":3}},{"start":{},"end":{}}],"line":16},"5":{"loc":{"start":{"line":23,"column":2},"end":{"line":23,"column":68}},"type":"if","locations":[{"start":{"line":23,"column":2},"end":{"line":23,"column":68}},{"start":{},"end":{}}],"line":23},"6":{"loc":{"start":{"line":29,"column":2},"end":{"line":29,"column":35}},"type":"if","locations":[{"start":{"line":29,"column":2},"end":{"line":29,"column":35}},{"start":{},"end":{}}],"line":29},"7":{"loc":{"start":{"line":30,"column":2},"end":{"line":30,"column":38}},"type":"if","locations":[{"start":{"line":30,"column":2},"end":{"line":30,"column":38}},{"start":{},"end":{}}],"line":30}},"s":{"0":1,"1":3,"2":3,"3":1,"4":2,"5":0,"6":2,"7":0,"8":3,"9":3,"10":3,"11":1,"12":3,"13":3,"14":1,"15":3,"16":3,"17":3,"18":0,"19":3,"20":1,"21":3,"22":1,"23":2,"24":1,"25":1,"26":1,"27":4,"28":1},"f":{"0":3,"1":3,"2":4},"b":{"0":[1,2],"1":[0,2],"2":[0,2],"3":[1,2],"4":[1,2],"5":[0,3],"6":[1,2],"7":[1,1]},"_coverageSchema":"1a1c01bbd47fc00a2c39e90264f33305004495a9","hash":"6339fbe8b7318d5ab5792ef61799da58e7f64289"}
}
