TN:
SF:src/api/services/fraudDetection.js
FN:1,(anonymous_0)
FN:28,(anonymous_1)
FN:34,(anonymous_2)
FNF:3
FNH:3
FNDA:3,(anonymous_0)
FNDA:3,(anonymous_1)
FNDA:4,(anonymous_2)
DA:1,1
DA:2,3
DA:5,3
DA:6,2
DA:7,2
DA:10,3
DA:11,3
DA:12,3
DA:15,3
DA:16,3
DA:17,1
DA:21,3
DA:22,3
DA:23,3
DA:25,3
DA:28,1
DA:29,3
DA:30,2
DA:31,1
DA:34,1
DA:35,4
DA:38,1
LF:22
LH:22
BRDA:5,0,0,1
BRDA:5,0,1,2
BRDA:6,1,0,0
BRDA:6,1,1,2
BRDA:7,2,0,0
BRDA:7,2,1,2
BRDA:12,3,0,1
BRDA:12,3,1,2
BRDA:16,4,0,1
BRDA:16,4,1,2
BRDA:23,5,0,0
BRDA:23,5,1,3
BRDA:29,6,0,1
BRDA:29,6,1,2
BRDA:30,7,0,1
BRDA:30,7,1,1
BRF:16
BRH:13
end_of_record
